  [1m[35mSQL (0.4ms)[0m  [1m[35mSET search_path TO public /*application='RubyonrailsBackend'*/[0m
  [1m[35m (244.6ms)[0m  [1m[35mCREATE DATABASE "rubyonrails_backend_development" ENCODING = 'unicode' /*application='RubyonrailsBackend'*/[0m
  [1m[35m (4.6ms)[0m  [1m[35mCREATE TABLE "schema_migrations" ("version" character varying NOT NULL PRIMARY KEY) /*application='RubyonrailsBackend'*/[0m
  [1m[35m (1.9ms)[0m  [1m[35mCREATE TABLE "ar_internal_metadata" ("key" character varying NOT NULL PRIMARY KEY, "value" character varying, "created_at" timestamp(6) NOT NULL, "updated_at" timestamp(6) NOT NULL) /*application='RubyonrailsBackend'*/[0m
  [1m[35m (0.1ms)[0m  [1m[34mSELECT pg_try_advisory_lock(6673199419070446605) /*application='RubyonrailsBackend'*/[0m
  [1m[36mActiveRecord::SchemaMigration Load (1.0ms)[0m  [1m[34mSELECT "schema_migrations"."version" FROM "schema_migrations" ORDER BY "schema_migrations"."version" ASC /*application='RubyonrailsBackend'*/[0m
  [1m[36mActiveRecord::InternalMetadata Load (0.8ms)[0m  [1m[34mSELECT * FROM "ar_internal_metadata" WHERE "ar_internal_metadata"."key" = 'environment' ORDER BY "ar_internal_metadata"."key" ASC LIMIT 1 /*application='RubyonrailsBackend'*/[0m
  [1m[36mActiveRecord::InternalMetadata Create (0.9ms)[0m  [1m[32mINSERT INTO "ar_internal_metadata" ("key", "value", "created_at", "updated_at") VALUES ('environment', 'development', '2025-04-20 05:41:49.494213', '2025-04-20 05:41:49.494215') RETURNING "key" /*application='RubyonrailsBackend'*/[0m
Migrating to CreateChallenges (20250420053632)
  [1m[36mTRANSACTION (1.0ms)[0m  [1m[35mBEGIN /*application='RubyonrailsBackend'*/[0m
  [1m[35m (6.8ms)[0m  [1m[35mCREATE TABLE "challenges" ("id" bigserial primary key, "title" character varying NOT NULL, "description" text NOT NULL, "start_date" date NOT NULL, "end_date" date NOT NULL, "created_at" timestamp(6) NOT NULL, "updated_at" timestamp(6) NOT NULL) /*application='RubyonrailsBackend'*/[0m
  [1m[36mActiveRecord::SchemaMigration Create (0.3ms)[0m  [1m[32mINSERT INTO "schema_migrations" ("version") VALUES ('20250420053632') RETURNING "version" /*application='RubyonrailsBackend'*/[0m
  [1m[36mTRANSACTION (0.2ms)[0m  [1m[35mCOMMIT /*application='RubyonrailsBackend'*/[0m
  [1m[35m (0.3ms)[0m  [1m[34mSELECT pg_advisory_unlock(6673199419070446605) /*application='RubyonrailsBackend'*/[0m
  [1m[36mActiveRecord::SchemaMigration Load (0.3ms)[0m  [1m[34mSELECT "schema_migrations"."version" FROM "schema_migrations" ORDER BY "schema_migrations"."version" ASC /*application='RubyonrailsBackend'*/[0m
  [1m[36mChallenge Load (58.9ms)[0m  [1m[34mSELECT "challenges".* FROM "challenges" /* loading for pp */ LIMIT 11 /*application='RubyonrailsBackend'*/[0m
  [1m[36mTRANSACTION (0.2ms)[0m  [1m[35mBEGIN /*application='RubyonrailsBackend'*/[0m
  [1m[36mChallenge Create (4.8ms)[0m  [1m[32mINSERT INTO "challenges" ("title", "description", "start_date", "end_date", "created_at", "updated_at") VALUES ('Challenge1', 'YOur challenge is to be in underwater for 10 minutes', '2025-04-20', NULL, '2025-04-20 06:08:53.717490', '2025-04-20 06:08:53.717490') RETURNING "id" /*application='RubyonrailsBackend'*/[0m
  [1m[36mTRANSACTION (0.2ms)[0m  [1m[31mROLLBACK /*application='RubyonrailsBackend'*/[0m
  [1m[36mTRANSACTION (0.3ms)[0m  [1m[35mBEGIN /*application='RubyonrailsBackend'*/[0m
  [1m[36mChallenge Create (3.8ms)[0m  [1m[32mINSERT INTO "challenges" ("title", "description", "start_date", "end_date", "created_at", "updated_at") VALUES ('Challenge1', 'YOur challenge is to be in underwater for 10 minutes', '2025-04-20', '2025-05-05', '2025-04-20 06:09:25.329860', '2025-04-20 06:09:25.329860') RETURNING "id" /*application='RubyonrailsBackend'*/[0m
  [1m[36mTRANSACTION (0.6ms)[0m  [1m[35mCOMMIT /*application='RubyonrailsBackend'*/[0m
  [1m[36mChallenge Load (1.4ms)[0m  [1m[34mSELECT "challenges".* FROM "challenges" /* loading for pp */ LIMIT 11 /*application='RubyonrailsBackend'*/[0m
Started GET "/api/v1/challenge" for 127.0.0.1 at 2025-04-20 11:48:43 +0530
  [1m[36mActiveRecord::SchemaMigration Load (1.8ms)[0m  [1m[34mSELECT "schema_migrations"."version" FROM "schema_migrations" ORDER BY "schema_migrations"."version" ASC /*application='RubyonrailsBackend'*/[0m
  
SyntaxError (/Users/yadhu/Desktop/Ruby-on-Rails-Backend/app/controllers/api/v1/challenge_controller.rb:29: syntax errors found
  [2m27 | [m    end
  [2m28 | [m  end
[1;31m> [m[2m29 | [mend
  [2m   | [m   [1;31m^[m expected an `end` to close the `module` statement
  [2m   | [m   [1;31m^[m unexpected end-of-input, assuming it is closing the parent top level context
):
  
app/controllers/api/v1/challenge_controller.rb:29: syntax errors found
Started GET "/api/v1/challenge" for 127.0.0.1 at 2025-04-20 11:49:14 +0530
  
Zeitwerk::NameError (expected file /Users/yadhu/Desktop/Ruby-on-Rails-Backend/app/controllers/api/v1/challenge_controller.rb to define constant Api::V1::ChallengeController, but didn't):
  
zeitwerk (2.7.2) lib/zeitwerk/loader/callbacks.rb:32:in 'Zeitwerk::Loader::Callbacks#on_file_autoloaded'
zeitwerk (2.7.2) lib/zeitwerk/core_ext/kernel.rb:27:in 'Kernel#require'
activesupport (8.0.2) lib/active_support/inflector/methods.rb:290:in 'Module#const_get'
activesupport (8.0.2) lib/active_support/inflector/methods.rb:290:in 'ActiveSupport::Inflector#constantize'
activesupport (8.0.2) lib/active_support/core_ext/string/inflections.rb:74:in 'String#constantize'
actionpack (8.0.2) lib/action_dispatch/http/request.rb:99:in 'ActionDispatch::Request#controller_class_for'
actionpack (8.0.2) lib/action_dispatch/request/utils.rb:108:in 'ActionDispatch::Request::Utils::CustomParamEncoder.action_encoding_template'
actionpack (8.0.2) lib/action_dispatch/request/utils.rb:102:in 'ActionDispatch::Request::Utils::CustomParamEncoder.encode'
actionpack (8.0.2) lib/action_dispatch/request/utils.rb:47:in 'ActionDispatch::Request::Utils.set_binary_encoding'
actionpack (8.0.2) lib/action_dispatch/http/parameters.rb:70:in 'ActionDispatch::Http::Parameters#path_parameters='
actionpack (8.0.2) lib/action_dispatch/journey/router.rb:50:in 'block in ActionDispatch::Journey::Router#serve'
actionpack (8.0.2) lib/action_dispatch/journey/router.rb:133:in 'block in ActionDispatch::Journey::Router#find_routes'
actionpack (8.0.2) lib/action_dispatch/journey/router.rb:126:in 'Array#each'
actionpack (8.0.2) lib/action_dispatch/journey/router.rb:126:in 'ActionDispatch::Journey::Router#find_routes'
actionpack (8.0.2) lib/action_dispatch/journey/router.rb:34:in 'ActionDispatch::Journey::Router#serve'
actionpack (8.0.2) lib/action_dispatch/routing/route_set.rb:908:in 'ActionDispatch::Routing::RouteSet#call'
railties (8.0.2) lib/rails/engine/lazy_route_set.rb:68:in 'Rails::Engine::LazyRouteSet#call'
rack (3.1.13) lib/rack/etag.rb:29:in 'Rack::ETag#call'
rack (3.1.13) lib/rack/conditional_get.rb:31:in 'Rack::ConditionalGet#call'
rack (3.1.13) lib/rack/head.rb:15:in 'Rack::Head#call'
activerecord (8.0.2) lib/active_record/migration.rb:671:in 'ActiveRecord::Migration::CheckPending#call'
actionpack (8.0.2) lib/action_dispatch/middleware/callbacks.rb:31:in 'block in ActionDispatch::Callbacks#call'
activesupport (8.0.2) lib/active_support/callbacks.rb:100:in 'ActiveSupport::Callbacks#run_callbacks'
actionpack (8.0.2) lib/action_dispatch/middleware/callbacks.rb:30:in 'ActionDispatch::Callbacks#call'
actionpack (8.0.2) lib/action_dispatch/middleware/executor.rb:16:in 'ActionDispatch::Executor#call'
actionpack (8.0.2) lib/action_dispatch/middleware/actionable_exceptions.rb:18:in 'ActionDispatch::ActionableExceptions#call'
actionpack (8.0.2) lib/action_dispatch/middleware/debug_exceptions.rb:31:in 'ActionDispatch::DebugExceptions#call'
actionpack (8.0.2) lib/action_dispatch/middleware/show_exceptions.rb:32:in 'ActionDispatch::ShowExceptions#call'
railties (8.0.2) lib/rails/rack/logger.rb:41:in 'Rails::Rack::Logger#call_app'
railties (8.0.2) lib/rails/rack/logger.rb:29:in 'Rails::Rack::Logger#call'
actionpack (8.0.2) lib/action_dispatch/middleware/remote_ip.rb:96:in 'ActionDispatch::RemoteIp#call'
actionpack (8.0.2) lib/action_dispatch/middleware/request_id.rb:34:in 'ActionDispatch::RequestId#call'
rack (3.1.13) lib/rack/runtime.rb:24:in 'Rack::Runtime#call'
actionpack (8.0.2) lib/action_dispatch/middleware/server_timing.rb:61:in 'block in ActionDispatch::ServerTiming#call'
actionpack (8.0.2) lib/action_dispatch/middleware/server_timing.rb:26:in 'ActionDispatch::ServerTiming::Subscriber#collect_events'
actionpack (8.0.2) lib/action_dispatch/middleware/server_timing.rb:60:in 'ActionDispatch::ServerTiming#call'
actionpack (8.0.2) lib/action_dispatch/middleware/executor.rb:16:in 'ActionDispatch::Executor#call'
actionpack (8.0.2) lib/action_dispatch/middleware/static.rb:27:in 'ActionDispatch::Static#call'
rack (3.1.13) lib/rack/sendfile.rb:114:in 'Rack::Sendfile#call'
actionpack (8.0.2) lib/action_dispatch/middleware/host_authorization.rb:143:in 'ActionDispatch::HostAuthorization#call'
railties (8.0.2) lib/rails/engine.rb:535:in 'Rails::Engine#call'
puma (6.6.0) lib/puma/configuration.rb:279:in 'Puma::Configuration::ConfigMiddleware#call'
puma (6.6.0) lib/puma/request.rb:99:in 'block in Puma::Request#handle_request'
puma (6.6.0) lib/puma/thread_pool.rb:390:in 'Puma::ThreadPool#with_force_shutdown'
puma (6.6.0) lib/puma/request.rb:98:in 'Puma::Request#handle_request'
puma (6.6.0) lib/puma/server.rb:472:in 'Puma::Server#process_client'
puma (6.6.0) lib/puma/server.rb:254:in 'block in Puma::Server#run'
puma (6.6.0) lib/puma/thread_pool.rb:167:in 'block in Puma::ThreadPool#spawn_thread'
Started GET "/api/v1/challenge" for 127.0.0.1 at 2025-04-20 11:49:21 +0530
  [1m[36mActiveRecord::SchemaMigration Load (1.1ms)[0m  [1m[34mSELECT "schema_migrations"."version" FROM "schema_migrations" ORDER BY "schema_migrations"."version" ASC /*application='RubyonrailsBackend'*/[0m
  
Zeitwerk::NameError (expected file /Users/yadhu/Desktop/Ruby-on-Rails-Backend/app/controllers/api/v1/challenge_controller.rb to define constant Api::V1::ChallengeController, but didn't):
  
zeitwerk (2.7.2) lib/zeitwerk/loader/callbacks.rb:32:in 'Zeitwerk::Loader::Callbacks#on_file_autoloaded'
zeitwerk (2.7.2) lib/zeitwerk/core_ext/kernel.rb:27:in 'Kernel#require'
activesupport (8.0.2) lib/active_support/inflector/methods.rb:290:in 'Module#const_get'
activesupport (8.0.2) lib/active_support/inflector/methods.rb:290:in 'ActiveSupport::Inflector#constantize'
activesupport (8.0.2) lib/active_support/core_ext/string/inflections.rb:74:in 'String#constantize'
actionpack (8.0.2) lib/action_dispatch/http/request.rb:99:in 'ActionDispatch::Request#controller_class_for'
actionpack (8.0.2) lib/action_dispatch/request/utils.rb:108:in 'ActionDispatch::Request::Utils::CustomParamEncoder.action_encoding_template'
actionpack (8.0.2) lib/action_dispatch/request/utils.rb:102:in 'ActionDispatch::Request::Utils::CustomParamEncoder.encode'
actionpack (8.0.2) lib/action_dispatch/request/utils.rb:47:in 'ActionDispatch::Request::Utils.set_binary_encoding'
actionpack (8.0.2) lib/action_dispatch/http/parameters.rb:70:in 'ActionDispatch::Http::Parameters#path_parameters='
actionpack (8.0.2) lib/action_dispatch/journey/router.rb:50:in 'block in ActionDispatch::Journey::Router#serve'
actionpack (8.0.2) lib/action_dispatch/journey/router.rb:133:in 'block in ActionDispatch::Journey::Router#find_routes'
actionpack (8.0.2) lib/action_dispatch/journey/router.rb:126:in 'Array#each'
actionpack (8.0.2) lib/action_dispatch/journey/router.rb:126:in 'ActionDispatch::Journey::Router#find_routes'
actionpack (8.0.2) lib/action_dispatch/journey/router.rb:34:in 'ActionDispatch::Journey::Router#serve'
actionpack (8.0.2) lib/action_dispatch/routing/route_set.rb:908:in 'ActionDispatch::Routing::RouteSet#call'
railties (8.0.2) lib/rails/engine/lazy_route_set.rb:68:in 'Rails::Engine::LazyRouteSet#call'
rack (3.1.13) lib/rack/etag.rb:29:in 'Rack::ETag#call'
rack (3.1.13) lib/rack/conditional_get.rb:31:in 'Rack::ConditionalGet#call'
rack (3.1.13) lib/rack/head.rb:15:in 'Rack::Head#call'
activerecord (8.0.2) lib/active_record/migration.rb:671:in 'ActiveRecord::Migration::CheckPending#call'
actionpack (8.0.2) lib/action_dispatch/middleware/callbacks.rb:31:in 'block in ActionDispatch::Callbacks#call'
activesupport (8.0.2) lib/active_support/callbacks.rb:100:in 'ActiveSupport::Callbacks#run_callbacks'
actionpack (8.0.2) lib/action_dispatch/middleware/callbacks.rb:30:in 'ActionDispatch::Callbacks#call'
actionpack (8.0.2) lib/action_dispatch/middleware/executor.rb:16:in 'ActionDispatch::Executor#call'
actionpack (8.0.2) lib/action_dispatch/middleware/actionable_exceptions.rb:18:in 'ActionDispatch::ActionableExceptions#call'
actionpack (8.0.2) lib/action_dispatch/middleware/debug_exceptions.rb:31:in 'ActionDispatch::DebugExceptions#call'
actionpack (8.0.2) lib/action_dispatch/middleware/show_exceptions.rb:32:in 'ActionDispatch::ShowExceptions#call'
railties (8.0.2) lib/rails/rack/logger.rb:41:in 'Rails::Rack::Logger#call_app'
railties (8.0.2) lib/rails/rack/logger.rb:29:in 'Rails::Rack::Logger#call'
actionpack (8.0.2) lib/action_dispatch/middleware/remote_ip.rb:96:in 'ActionDispatch::RemoteIp#call'
actionpack (8.0.2) lib/action_dispatch/middleware/request_id.rb:34:in 'ActionDispatch::RequestId#call'
rack (3.1.13) lib/rack/runtime.rb:24:in 'Rack::Runtime#call'
actionpack (8.0.2) lib/action_dispatch/middleware/server_timing.rb:61:in 'block in ActionDispatch::ServerTiming#call'
actionpack (8.0.2) lib/action_dispatch/middleware/server_timing.rb:26:in 'ActionDispatch::ServerTiming::Subscriber#collect_events'
actionpack (8.0.2) lib/action_dispatch/middleware/server_timing.rb:60:in 'ActionDispatch::ServerTiming#call'
actionpack (8.0.2) lib/action_dispatch/middleware/executor.rb:16:in 'ActionDispatch::Executor#call'
actionpack (8.0.2) lib/action_dispatch/middleware/static.rb:27:in 'ActionDispatch::Static#call'
rack (3.1.13) lib/rack/sendfile.rb:114:in 'Rack::Sendfile#call'
actionpack (8.0.2) lib/action_dispatch/middleware/host_authorization.rb:143:in 'ActionDispatch::HostAuthorization#call'
railties (8.0.2) lib/rails/engine.rb:535:in 'Rails::Engine#call'
puma (6.6.0) lib/puma/configuration.rb:279:in 'Puma::Configuration::ConfigMiddleware#call'
puma (6.6.0) lib/puma/request.rb:99:in 'block in Puma::Request#handle_request'
puma (6.6.0) lib/puma/thread_pool.rb:390:in 'Puma::ThreadPool#with_force_shutdown'
puma (6.6.0) lib/puma/request.rb:98:in 'Puma::Request#handle_request'
puma (6.6.0) lib/puma/server.rb:472:in 'Puma::Server#process_client'
puma (6.6.0) lib/puma/server.rb:254:in 'block in Puma::Server#run'
puma (6.6.0) lib/puma/thread_pool.rb:167:in 'block in Puma::ThreadPool#spawn_thread'
Started GET "/api/v1/challenge/" for 127.0.0.1 at 2025-04-20 11:49:42 +0530
  
ActionController::RoutingError (uninitialized constant Api::V1::ChallengeController)
Caused by: ActionDispatch::MissingController (uninitialized constant Api::V1::ChallengeController)
Caused by: NameError (uninitialized constant Api::V1::ChallengeController)

Information for: ActionController::RoutingError (uninitialized constant Api::V1::ChallengeController):
  

Information for cause: ActionDispatch::MissingController (uninitialized constant Api::V1::ChallengeController):
  
actionpack (8.0.2) lib/action_dispatch/http/request.rb:102:in 'ActionDispatch::Request#controller_class_for'
actionpack (8.0.2) lib/action_dispatch/http/request.rb:91:in 'ActionDispatch::Request#controller_class'
actionpack (8.0.2) lib/action_dispatch/routing/route_set.rb:61:in 'ActionDispatch::Routing::RouteSet::Dispatcher#controller'
actionpack (8.0.2) lib/action_dispatch/routing/route_set.rb:48:in 'ActionDispatch::Routing::RouteSet::Dispatcher#serve'
actionpack (8.0.2) lib/action_dispatch/journey/router.rb:53:in 'block in ActionDispatch::Journey::Router#serve'
actionpack (8.0.2) lib/action_dispatch/journey/router.rb:133:in 'block in ActionDispatch::Journey::Router#find_routes'
actionpack (8.0.2) lib/action_dispatch/journey/router.rb:126:in 'Array#each'
actionpack (8.0.2) lib/action_dispatch/journey/router.rb:126:in 'ActionDispatch::Journey::Router#find_routes'
actionpack (8.0.2) lib/action_dispatch/journey/router.rb:34:in 'ActionDispatch::Journey::Router#serve'
actionpack (8.0.2) lib/action_dispatch/routing/route_set.rb:908:in 'ActionDispatch::Routing::RouteSet#call'
railties (8.0.2) lib/rails/engine/lazy_route_set.rb:68:in 'Rails::Engine::LazyRouteSet#call'
rack (3.1.13) lib/rack/etag.rb:29:in 'Rack::ETag#call'
rack (3.1.13) lib/rack/conditional_get.rb:31:in 'Rack::ConditionalGet#call'
rack (3.1.13) lib/rack/head.rb:15:in 'Rack::Head#call'
activerecord (8.0.2) lib/active_record/migration.rb:671:in 'ActiveRecord::Migration::CheckPending#call'
actionpack (8.0.2) lib/action_dispatch/middleware/callbacks.rb:31:in 'block in ActionDispatch::Callbacks#call'
activesupport (8.0.2) lib/active_support/callbacks.rb:100:in 'ActiveSupport::Callbacks#run_callbacks'
actionpack (8.0.2) lib/action_dispatch/middleware/callbacks.rb:30:in 'ActionDispatch::Callbacks#call'
actionpack (8.0.2) lib/action_dispatch/middleware/executor.rb:16:in 'ActionDispatch::Executor#call'
actionpack (8.0.2) lib/action_dispatch/middleware/actionable_exceptions.rb:18:in 'ActionDispatch::ActionableExceptions#call'
actionpack (8.0.2) lib/action_dispatch/middleware/debug_exceptions.rb:31:in 'ActionDispatch::DebugExceptions#call'
actionpack (8.0.2) lib/action_dispatch/middleware/show_exceptions.rb:32:in 'ActionDispatch::ShowExceptions#call'
railties (8.0.2) lib/rails/rack/logger.rb:41:in 'Rails::Rack::Logger#call_app'
railties (8.0.2) lib/rails/rack/logger.rb:29:in 'Rails::Rack::Logger#call'
actionpack (8.0.2) lib/action_dispatch/middleware/remote_ip.rb:96:in 'ActionDispatch::RemoteIp#call'
actionpack (8.0.2) lib/action_dispatch/middleware/request_id.rb:34:in 'ActionDispatch::RequestId#call'
rack (3.1.13) lib/rack/runtime.rb:24:in 'Rack::Runtime#call'
actionpack (8.0.2) lib/action_dispatch/middleware/server_timing.rb:61:in 'block in ActionDispatch::ServerTiming#call'
actionpack (8.0.2) lib/action_dispatch/middleware/server_timing.rb:26:in 'ActionDispatch::ServerTiming::Subscriber#collect_events'
actionpack (8.0.2) lib/action_dispatch/middleware/server_timing.rb:60:in 'ActionDispatch::ServerTiming#call'
actionpack (8.0.2) lib/action_dispatch/middleware/executor.rb:16:in 'ActionDispatch::Executor#call'
actionpack (8.0.2) lib/action_dispatch/middleware/static.rb:27:in 'ActionDispatch::Static#call'
rack (3.1.13) lib/rack/sendfile.rb:114:in 'Rack::Sendfile#call'
actionpack (8.0.2) lib/action_dispatch/middleware/host_authorization.rb:143:in 'ActionDispatch::HostAuthorization#call'
railties (8.0.2) lib/rails/engine.rb:535:in 'Rails::Engine#call'
puma (6.6.0) lib/puma/configuration.rb:279:in 'Puma::Configuration::ConfigMiddleware#call'
puma (6.6.0) lib/puma/request.rb:99:in 'block in Puma::Request#handle_request'
puma (6.6.0) lib/puma/thread_pool.rb:390:in 'Puma::ThreadPool#with_force_shutdown'
puma (6.6.0) lib/puma/request.rb:98:in 'Puma::Request#handle_request'
puma (6.6.0) lib/puma/server.rb:472:in 'Puma::Server#process_client'
puma (6.6.0) lib/puma/server.rb:254:in 'block in Puma::Server#run'
puma (6.6.0) lib/puma/thread_pool.rb:167:in 'block in Puma::ThreadPool#spawn_thread'

Information for cause: NameError (uninitialized constant Api::V1::ChallengeController):
  
activesupport (8.0.2) lib/active_support/inflector/methods.rb:290:in 'Module#const_get'
activesupport (8.0.2) lib/active_support/inflector/methods.rb:290:in 'ActiveSupport::Inflector#constantize'
activesupport (8.0.2) lib/active_support/core_ext/string/inflections.rb:74:in 'String#constantize'
actionpack (8.0.2) lib/action_dispatch/http/request.rb:99:in 'ActionDispatch::Request#controller_class_for'
actionpack (8.0.2) lib/action_dispatch/http/request.rb:91:in 'ActionDispatch::Request#controller_class'
actionpack (8.0.2) lib/action_dispatch/routing/route_set.rb:61:in 'ActionDispatch::Routing::RouteSet::Dispatcher#controller'
actionpack (8.0.2) lib/action_dispatch/routing/route_set.rb:48:in 'ActionDispatch::Routing::RouteSet::Dispatcher#serve'
actionpack (8.0.2) lib/action_dispatch/journey/router.rb:53:in 'block in ActionDispatch::Journey::Router#serve'
actionpack (8.0.2) lib/action_dispatch/journey/router.rb:133:in 'block in ActionDispatch::Journey::Router#find_routes'
actionpack (8.0.2) lib/action_dispatch/journey/router.rb:126:in 'Array#each'
actionpack (8.0.2) lib/action_dispatch/journey/router.rb:126:in 'ActionDispatch::Journey::Router#find_routes'
actionpack (8.0.2) lib/action_dispatch/journey/router.rb:34:in 'ActionDispatch::Journey::Router#serve'
actionpack (8.0.2) lib/action_dispatch/routing/route_set.rb:908:in 'ActionDispatch::Routing::RouteSet#call'
railties (8.0.2) lib/rails/engine/lazy_route_set.rb:68:in 'Rails::Engine::LazyRouteSet#call'
rack (3.1.13) lib/rack/etag.rb:29:in 'Rack::ETag#call'
rack (3.1.13) lib/rack/conditional_get.rb:31:in 'Rack::ConditionalGet#call'
rack (3.1.13) lib/rack/head.rb:15:in 'Rack::Head#call'
activerecord (8.0.2) lib/active_record/migration.rb:671:in 'ActiveRecord::Migration::CheckPending#call'
actionpack (8.0.2) lib/action_dispatch/middleware/callbacks.rb:31:in 'block in ActionDispatch::Callbacks#call'
activesupport (8.0.2) lib/active_support/callbacks.rb:100:in 'ActiveSupport::Callbacks#run_callbacks'
actionpack (8.0.2) lib/action_dispatch/middleware/callbacks.rb:30:in 'ActionDispatch::Callbacks#call'
actionpack (8.0.2) lib/action_dispatch/middleware/executor.rb:16:in 'ActionDispatch::Executor#call'
actionpack (8.0.2) lib/action_dispatch/middleware/actionable_exceptions.rb:18:in 'ActionDispatch::ActionableExceptions#call'
actionpack (8.0.2) lib/action_dispatch/middleware/debug_exceptions.rb:31:in 'ActionDispatch::DebugExceptions#call'
actionpack (8.0.2) lib/action_dispatch/middleware/show_exceptions.rb:32:in 'ActionDispatch::ShowExceptions#call'
railties (8.0.2) lib/rails/rack/logger.rb:41:in 'Rails::Rack::Logger#call_app'
railties (8.0.2) lib/rails/rack/logger.rb:29:in 'Rails::Rack::Logger#call'
actionpack (8.0.2) lib/action_dispatch/middleware/remote_ip.rb:96:in 'ActionDispatch::RemoteIp#call'
actionpack (8.0.2) lib/action_dispatch/middleware/request_id.rb:34:in 'ActionDispatch::RequestId#call'
rack (3.1.13) lib/rack/runtime.rb:24:in 'Rack::Runtime#call'
actionpack (8.0.2) lib/action_dispatch/middleware/server_timing.rb:61:in 'block in ActionDispatch::ServerTiming#call'
actionpack (8.0.2) lib/action_dispatch/middleware/server_timing.rb:26:in 'ActionDispatch::ServerTiming::Subscriber#collect_events'
actionpack (8.0.2) lib/action_dispatch/middleware/server_timing.rb:60:in 'ActionDispatch::ServerTiming#call'
actionpack (8.0.2) lib/action_dispatch/middleware/executor.rb:16:in 'ActionDispatch::Executor#call'
actionpack (8.0.2) lib/action_dispatch/middleware/static.rb:27:in 'ActionDispatch::Static#call'
rack (3.1.13) lib/rack/sendfile.rb:114:in 'Rack::Sendfile#call'
actionpack (8.0.2) lib/action_dispatch/middleware/host_authorization.rb:143:in 'ActionDispatch::HostAuthorization#call'
railties (8.0.2) lib/rails/engine.rb:535:in 'Rails::Engine#call'
puma (6.6.0) lib/puma/configuration.rb:279:in 'Puma::Configuration::ConfigMiddleware#call'
puma (6.6.0) lib/puma/request.rb:99:in 'block in Puma::Request#handle_request'
puma (6.6.0) lib/puma/thread_pool.rb:390:in 'Puma::ThreadPool#with_force_shutdown'
puma (6.6.0) lib/puma/request.rb:98:in 'Puma::Request#handle_request'
puma (6.6.0) lib/puma/server.rb:472:in 'Puma::Server#process_client'
puma (6.6.0) lib/puma/server.rb:254:in 'block in Puma::Server#run'
puma (6.6.0) lib/puma/thread_pool.rb:167:in 'block in Puma::ThreadPool#spawn_thread'
Started GET "/api/v1/challenge" for 127.0.0.1 at 2025-04-20 11:49:48 +0530
  
ActionController::RoutingError (uninitialized constant Api::V1::ChallengeController)
Caused by: ActionDispatch::MissingController (uninitialized constant Api::V1::ChallengeController)
Caused by: NameError (uninitialized constant Api::V1::ChallengeController)

Information for: ActionController::RoutingError (uninitialized constant Api::V1::ChallengeController):
  

Information for cause: ActionDispatch::MissingController (uninitialized constant Api::V1::ChallengeController):
  
actionpack (8.0.2) lib/action_dispatch/http/request.rb:102:in 'ActionDispatch::Request#controller_class_for'
actionpack (8.0.2) lib/action_dispatch/http/request.rb:91:in 'ActionDispatch::Request#controller_class'
actionpack (8.0.2) lib/action_dispatch/routing/route_set.rb:61:in 'ActionDispatch::Routing::RouteSet::Dispatcher#controller'
actionpack (8.0.2) lib/action_dispatch/routing/route_set.rb:48:in 'ActionDispatch::Routing::RouteSet::Dispatcher#serve'
actionpack (8.0.2) lib/action_dispatch/journey/router.rb:53:in 'block in ActionDispatch::Journey::Router#serve'
actionpack (8.0.2) lib/action_dispatch/journey/router.rb:133:in 'block in ActionDispatch::Journey::Router#find_routes'
actionpack (8.0.2) lib/action_dispatch/journey/router.rb:126:in 'Array#each'
actionpack (8.0.2) lib/action_dispatch/journey/router.rb:126:in 'ActionDispatch::Journey::Router#find_routes'
actionpack (8.0.2) lib/action_dispatch/journey/router.rb:34:in 'ActionDispatch::Journey::Router#serve'
actionpack (8.0.2) lib/action_dispatch/routing/route_set.rb:908:in 'ActionDispatch::Routing::RouteSet#call'
railties (8.0.2) lib/rails/engine/lazy_route_set.rb:68:in 'Rails::Engine::LazyRouteSet#call'
rack (3.1.13) lib/rack/etag.rb:29:in 'Rack::ETag#call'
rack (3.1.13) lib/rack/conditional_get.rb:31:in 'Rack::ConditionalGet#call'
rack (3.1.13) lib/rack/head.rb:15:in 'Rack::Head#call'
activerecord (8.0.2) lib/active_record/migration.rb:671:in 'ActiveRecord::Migration::CheckPending#call'
actionpack (8.0.2) lib/action_dispatch/middleware/callbacks.rb:31:in 'block in ActionDispatch::Callbacks#call'
activesupport (8.0.2) lib/active_support/callbacks.rb:100:in 'ActiveSupport::Callbacks#run_callbacks'
actionpack (8.0.2) lib/action_dispatch/middleware/callbacks.rb:30:in 'ActionDispatch::Callbacks#call'
actionpack (8.0.2) lib/action_dispatch/middleware/executor.rb:16:in 'ActionDispatch::Executor#call'
actionpack (8.0.2) lib/action_dispatch/middleware/actionable_exceptions.rb:18:in 'ActionDispatch::ActionableExceptions#call'
actionpack (8.0.2) lib/action_dispatch/middleware/debug_exceptions.rb:31:in 'ActionDispatch::DebugExceptions#call'
actionpack (8.0.2) lib/action_dispatch/middleware/show_exceptions.rb:32:in 'ActionDispatch::ShowExceptions#call'
railties (8.0.2) lib/rails/rack/logger.rb:41:in 'Rails::Rack::Logger#call_app'
railties (8.0.2) lib/rails/rack/logger.rb:29:in 'Rails::Rack::Logger#call'
actionpack (8.0.2) lib/action_dispatch/middleware/remote_ip.rb:96:in 'ActionDispatch::RemoteIp#call'
actionpack (8.0.2) lib/action_dispatch/middleware/request_id.rb:34:in 'ActionDispatch::RequestId#call'
rack (3.1.13) lib/rack/runtime.rb:24:in 'Rack::Runtime#call'
actionpack (8.0.2) lib/action_dispatch/middleware/server_timing.rb:61:in 'block in ActionDispatch::ServerTiming#call'
actionpack (8.0.2) lib/action_dispatch/middleware/server_timing.rb:26:in 'ActionDispatch::ServerTiming::Subscriber#collect_events'
actionpack (8.0.2) lib/action_dispatch/middleware/server_timing.rb:60:in 'ActionDispatch::ServerTiming#call'
actionpack (8.0.2) lib/action_dispatch/middleware/executor.rb:16:in 'ActionDispatch::Executor#call'
actionpack (8.0.2) lib/action_dispatch/middleware/static.rb:27:in 'ActionDispatch::Static#call'
rack (3.1.13) lib/rack/sendfile.rb:114:in 'Rack::Sendfile#call'
actionpack (8.0.2) lib/action_dispatch/middleware/host_authorization.rb:143:in 'ActionDispatch::HostAuthorization#call'
railties (8.0.2) lib/rails/engine.rb:535:in 'Rails::Engine#call'
puma (6.6.0) lib/puma/configuration.rb:279:in 'Puma::Configuration::ConfigMiddleware#call'
puma (6.6.0) lib/puma/request.rb:99:in 'block in Puma::Request#handle_request'
puma (6.6.0) lib/puma/thread_pool.rb:390:in 'Puma::ThreadPool#with_force_shutdown'
puma (6.6.0) lib/puma/request.rb:98:in 'Puma::Request#handle_request'
puma (6.6.0) lib/puma/server.rb:472:in 'Puma::Server#process_client'
puma (6.6.0) lib/puma/server.rb:254:in 'block in Puma::Server#run'
puma (6.6.0) lib/puma/thread_pool.rb:167:in 'block in Puma::ThreadPool#spawn_thread'

Information for cause: NameError (uninitialized constant Api::V1::ChallengeController):
  
activesupport (8.0.2) lib/active_support/inflector/methods.rb:290:in 'Module#const_get'
activesupport (8.0.2) lib/active_support/inflector/methods.rb:290:in 'ActiveSupport::Inflector#constantize'
activesupport (8.0.2) lib/active_support/core_ext/string/inflections.rb:74:in 'String#constantize'
actionpack (8.0.2) lib/action_dispatch/http/request.rb:99:in 'ActionDispatch::Request#controller_class_for'
actionpack (8.0.2) lib/action_dispatch/http/request.rb:91:in 'ActionDispatch::Request#controller_class'
actionpack (8.0.2) lib/action_dispatch/routing/route_set.rb:61:in 'ActionDispatch::Routing::RouteSet::Dispatcher#controller'
actionpack (8.0.2) lib/action_dispatch/routing/route_set.rb:48:in 'ActionDispatch::Routing::RouteSet::Dispatcher#serve'
actionpack (8.0.2) lib/action_dispatch/journey/router.rb:53:in 'block in ActionDispatch::Journey::Router#serve'
actionpack (8.0.2) lib/action_dispatch/journey/router.rb:133:in 'block in ActionDispatch::Journey::Router#find_routes'
actionpack (8.0.2) lib/action_dispatch/journey/router.rb:126:in 'Array#each'
actionpack (8.0.2) lib/action_dispatch/journey/router.rb:126:in 'ActionDispatch::Journey::Router#find_routes'
actionpack (8.0.2) lib/action_dispatch/journey/router.rb:34:in 'ActionDispatch::Journey::Router#serve'
actionpack (8.0.2) lib/action_dispatch/routing/route_set.rb:908:in 'ActionDispatch::Routing::RouteSet#call'
railties (8.0.2) lib/rails/engine/lazy_route_set.rb:68:in 'Rails::Engine::LazyRouteSet#call'
rack (3.1.13) lib/rack/etag.rb:29:in 'Rack::ETag#call'
rack (3.1.13) lib/rack/conditional_get.rb:31:in 'Rack::ConditionalGet#call'
rack (3.1.13) lib/rack/head.rb:15:in 'Rack::Head#call'
activerecord (8.0.2) lib/active_record/migration.rb:671:in 'ActiveRecord::Migration::CheckPending#call'
actionpack (8.0.2) lib/action_dispatch/middleware/callbacks.rb:31:in 'block in ActionDispatch::Callbacks#call'
activesupport (8.0.2) lib/active_support/callbacks.rb:100:in 'ActiveSupport::Callbacks#run_callbacks'
actionpack (8.0.2) lib/action_dispatch/middleware/callbacks.rb:30:in 'ActionDispatch::Callbacks#call'
actionpack (8.0.2) lib/action_dispatch/middleware/executor.rb:16:in 'ActionDispatch::Executor#call'
actionpack (8.0.2) lib/action_dispatch/middleware/actionable_exceptions.rb:18:in 'ActionDispatch::ActionableExceptions#call'
actionpack (8.0.2) lib/action_dispatch/middleware/debug_exceptions.rb:31:in 'ActionDispatch::DebugExceptions#call'
actionpack (8.0.2) lib/action_dispatch/middleware/show_exceptions.rb:32:in 'ActionDispatch::ShowExceptions#call'
railties (8.0.2) lib/rails/rack/logger.rb:41:in 'Rails::Rack::Logger#call_app'
railties (8.0.2) lib/rails/rack/logger.rb:29:in 'Rails::Rack::Logger#call'
actionpack (8.0.2) lib/action_dispatch/middleware/remote_ip.rb:96:in 'ActionDispatch::RemoteIp#call'
actionpack (8.0.2) lib/action_dispatch/middleware/request_id.rb:34:in 'ActionDispatch::RequestId#call'
rack (3.1.13) lib/rack/runtime.rb:24:in 'Rack::Runtime#call'
actionpack (8.0.2) lib/action_dispatch/middleware/server_timing.rb:61:in 'block in ActionDispatch::ServerTiming#call'
actionpack (8.0.2) lib/action_dispatch/middleware/server_timing.rb:26:in 'ActionDispatch::ServerTiming::Subscriber#collect_events'
actionpack (8.0.2) lib/action_dispatch/middleware/server_timing.rb:60:in 'ActionDispatch::ServerTiming#call'
actionpack (8.0.2) lib/action_dispatch/middleware/executor.rb:16:in 'ActionDispatch::Executor#call'
actionpack (8.0.2) lib/action_dispatch/middleware/static.rb:27:in 'ActionDispatch::Static#call'
rack (3.1.13) lib/rack/sendfile.rb:114:in 'Rack::Sendfile#call'
actionpack (8.0.2) lib/action_dispatch/middleware/host_authorization.rb:143:in 'ActionDispatch::HostAuthorization#call'
railties (8.0.2) lib/rails/engine.rb:535:in 'Rails::Engine#call'
puma (6.6.0) lib/puma/configuration.rb:279:in 'Puma::Configuration::ConfigMiddleware#call'
puma (6.6.0) lib/puma/request.rb:99:in 'block in Puma::Request#handle_request'
puma (6.6.0) lib/puma/thread_pool.rb:390:in 'Puma::ThreadPool#with_force_shutdown'
puma (6.6.0) lib/puma/request.rb:98:in 'Puma::Request#handle_request'
puma (6.6.0) lib/puma/server.rb:472:in 'Puma::Server#process_client'
puma (6.6.0) lib/puma/server.rb:254:in 'block in Puma::Server#run'
puma (6.6.0) lib/puma/thread_pool.rb:167:in 'block in Puma::ThreadPool#spawn_thread'
  [1m[35m (0.5ms)[0m  [1m[34mSELECT pg_try_advisory_lock(6673199419070446605) /*application='RubyonrailsBackend'*/[0m
  [1m[36mActiveRecord::SchemaMigration Load (1.3ms)[0m  [1m[34mSELECT "schema_migrations"."version" FROM "schema_migrations" ORDER BY "schema_migrations"."version" ASC /*application='RubyonrailsBackend'*/[0m
  [1m[36mActiveRecord::InternalMetadata Load (1.3ms)[0m  [1m[34mSELECT * FROM "ar_internal_metadata" WHERE "ar_internal_metadata"."key" = 'environment' ORDER BY "ar_internal_metadata"."key" ASC LIMIT 1 /*application='RubyonrailsBackend'*/[0m
  [1m[35m (0.1ms)[0m  [1m[34mSELECT pg_advisory_unlock(6673199419070446605) /*application='RubyonrailsBackend'*/[0m
  [1m[36mActiveRecord::SchemaMigration Load (0.2ms)[0m  [1m[34mSELECT "schema_migrations"."version" FROM "schema_migrations" ORDER BY "schema_migrations"."version" ASC /*application='RubyonrailsBackend'*/[0m
Started GET "/api/v1/challenge" for 127.0.0.1 at 2025-04-20 11:50:16 +0530
  [1m[36mActiveRecord::SchemaMigration Load (1.6ms)[0m  [1m[34mSELECT "schema_migrations"."version" FROM "schema_migrations" ORDER BY "schema_migrations"."version" ASC /*application='RubyonrailsBackend'*/[0m
  
Zeitwerk::NameError (expected file /Users/yadhu/Desktop/Ruby-on-Rails-Backend/app/controllers/api/v1/challenge_controller.rb to define constant Api::V1::ChallengeController, but didn't):
  
zeitwerk (2.7.2) lib/zeitwerk/loader/callbacks.rb:32:in 'Zeitwerk::Loader::Callbacks#on_file_autoloaded'
zeitwerk (2.7.2) lib/zeitwerk/core_ext/kernel.rb:27:in 'Kernel#require'
activesupport (8.0.2) lib/active_support/inflector/methods.rb:290:in 'Module#const_get'
activesupport (8.0.2) lib/active_support/inflector/methods.rb:290:in 'ActiveSupport::Inflector#constantize'
activesupport (8.0.2) lib/active_support/core_ext/string/inflections.rb:74:in 'String#constantize'
actionpack (8.0.2) lib/action_dispatch/http/request.rb:99:in 'ActionDispatch::Request#controller_class_for'
actionpack (8.0.2) lib/action_dispatch/request/utils.rb:108:in 'ActionDispatch::Request::Utils::CustomParamEncoder.action_encoding_template'
actionpack (8.0.2) lib/action_dispatch/request/utils.rb:102:in 'ActionDispatch::Request::Utils::CustomParamEncoder.encode'
actionpack (8.0.2) lib/action_dispatch/request/utils.rb:47:in 'ActionDispatch::Request::Utils.set_binary_encoding'
actionpack (8.0.2) lib/action_dispatch/http/parameters.rb:70:in 'ActionDispatch::Http::Parameters#path_parameters='
actionpack (8.0.2) lib/action_dispatch/journey/router.rb:50:in 'block in ActionDispatch::Journey::Router#serve'
actionpack (8.0.2) lib/action_dispatch/journey/router.rb:133:in 'block in ActionDispatch::Journey::Router#find_routes'
actionpack (8.0.2) lib/action_dispatch/journey/router.rb:126:in 'Array#each'
actionpack (8.0.2) lib/action_dispatch/journey/router.rb:126:in 'ActionDispatch::Journey::Router#find_routes'
actionpack (8.0.2) lib/action_dispatch/journey/router.rb:34:in 'ActionDispatch::Journey::Router#serve'
actionpack (8.0.2) lib/action_dispatch/routing/route_set.rb:908:in 'ActionDispatch::Routing::RouteSet#call'
railties (8.0.2) lib/rails/engine/lazy_route_set.rb:68:in 'Rails::Engine::LazyRouteSet#call'
rack (3.1.13) lib/rack/etag.rb:29:in 'Rack::ETag#call'
rack (3.1.13) lib/rack/conditional_get.rb:31:in 'Rack::ConditionalGet#call'
rack (3.1.13) lib/rack/head.rb:15:in 'Rack::Head#call'
activerecord (8.0.2) lib/active_record/migration.rb:671:in 'ActiveRecord::Migration::CheckPending#call'
actionpack (8.0.2) lib/action_dispatch/middleware/callbacks.rb:31:in 'block in ActionDispatch::Callbacks#call'
activesupport (8.0.2) lib/active_support/callbacks.rb:100:in 'ActiveSupport::Callbacks#run_callbacks'
actionpack (8.0.2) lib/action_dispatch/middleware/callbacks.rb:30:in 'ActionDispatch::Callbacks#call'
actionpack (8.0.2) lib/action_dispatch/middleware/executor.rb:16:in 'ActionDispatch::Executor#call'
actionpack (8.0.2) lib/action_dispatch/middleware/actionable_exceptions.rb:18:in 'ActionDispatch::ActionableExceptions#call'
actionpack (8.0.2) lib/action_dispatch/middleware/debug_exceptions.rb:31:in 'ActionDispatch::DebugExceptions#call'
actionpack (8.0.2) lib/action_dispatch/middleware/show_exceptions.rb:32:in 'ActionDispatch::ShowExceptions#call'
railties (8.0.2) lib/rails/rack/logger.rb:41:in 'Rails::Rack::Logger#call_app'
railties (8.0.2) lib/rails/rack/logger.rb:29:in 'Rails::Rack::Logger#call'
actionpack (8.0.2) lib/action_dispatch/middleware/remote_ip.rb:96:in 'ActionDispatch::RemoteIp#call'
actionpack (8.0.2) lib/action_dispatch/middleware/request_id.rb:34:in 'ActionDispatch::RequestId#call'
rack (3.1.13) lib/rack/runtime.rb:24:in 'Rack::Runtime#call'
actionpack (8.0.2) lib/action_dispatch/middleware/server_timing.rb:61:in 'block in ActionDispatch::ServerTiming#call'
actionpack (8.0.2) lib/action_dispatch/middleware/server_timing.rb:26:in 'ActionDispatch::ServerTiming::Subscriber#collect_events'
actionpack (8.0.2) lib/action_dispatch/middleware/server_timing.rb:60:in 'ActionDispatch::ServerTiming#call'
actionpack (8.0.2) lib/action_dispatch/middleware/executor.rb:16:in 'ActionDispatch::Executor#call'
actionpack (8.0.2) lib/action_dispatch/middleware/static.rb:27:in 'ActionDispatch::Static#call'
rack (3.1.13) lib/rack/sendfile.rb:114:in 'Rack::Sendfile#call'
actionpack (8.0.2) lib/action_dispatch/middleware/host_authorization.rb:143:in 'ActionDispatch::HostAuthorization#call'
railties (8.0.2) lib/rails/engine.rb:535:in 'Rails::Engine#call'
puma (6.6.0) lib/puma/configuration.rb:279:in 'Puma::Configuration::ConfigMiddleware#call'
puma (6.6.0) lib/puma/request.rb:99:in 'block in Puma::Request#handle_request'
puma (6.6.0) lib/puma/thread_pool.rb:390:in 'Puma::ThreadPool#with_force_shutdown'
puma (6.6.0) lib/puma/request.rb:98:in 'Puma::Request#handle_request'
puma (6.6.0) lib/puma/server.rb:472:in 'Puma::Server#process_client'
puma (6.6.0) lib/puma/server.rb:254:in 'block in Puma::Server#run'
puma (6.6.0) lib/puma/thread_pool.rb:167:in 'block in Puma::ThreadPool#spawn_thread'
Started GET "/api/v1/challenge" for 127.0.0.1 at 2025-04-20 11:50:36 +0530
  [1m[36mActiveRecord::SchemaMigration Load (1.2ms)[0m  [1m[34mSELECT "schema_migrations"."version" FROM "schema_migrations" ORDER BY "schema_migrations"."version" ASC /*application='RubyonrailsBackend'*/[0m
  
Zeitwerk::NameError (expected file /Users/yadhu/Desktop/Ruby-on-Rails-Backend/app/controllers/api/v1/challenge_controller.rb to define constant Api::V1::ChallengeController, but didn't):
  
zeitwerk (2.7.2) lib/zeitwerk/loader/callbacks.rb:32:in 'Zeitwerk::Loader::Callbacks#on_file_autoloaded'
zeitwerk (2.7.2) lib/zeitwerk/core_ext/kernel.rb:27:in 'Kernel#require'
activesupport (8.0.2) lib/active_support/inflector/methods.rb:290:in 'Module#const_get'
activesupport (8.0.2) lib/active_support/inflector/methods.rb:290:in 'ActiveSupport::Inflector#constantize'
activesupport (8.0.2) lib/active_support/core_ext/string/inflections.rb:74:in 'String#constantize'
actionpack (8.0.2) lib/action_dispatch/http/request.rb:99:in 'ActionDispatch::Request#controller_class_for'
actionpack (8.0.2) lib/action_dispatch/request/utils.rb:108:in 'ActionDispatch::Request::Utils::CustomParamEncoder.action_encoding_template'
actionpack (8.0.2) lib/action_dispatch/request/utils.rb:102:in 'ActionDispatch::Request::Utils::CustomParamEncoder.encode'
actionpack (8.0.2) lib/action_dispatch/request/utils.rb:47:in 'ActionDispatch::Request::Utils.set_binary_encoding'
actionpack (8.0.2) lib/action_dispatch/http/parameters.rb:70:in 'ActionDispatch::Http::Parameters#path_parameters='
actionpack (8.0.2) lib/action_dispatch/journey/router.rb:50:in 'block in ActionDispatch::Journey::Router#serve'
actionpack (8.0.2) lib/action_dispatch/journey/router.rb:133:in 'block in ActionDispatch::Journey::Router#find_routes'
actionpack (8.0.2) lib/action_dispatch/journey/router.rb:126:in 'Array#each'
actionpack (8.0.2) lib/action_dispatch/journey/router.rb:126:in 'ActionDispatch::Journey::Router#find_routes'
actionpack (8.0.2) lib/action_dispatch/journey/router.rb:34:in 'ActionDispatch::Journey::Router#serve'
actionpack (8.0.2) lib/action_dispatch/routing/route_set.rb:908:in 'ActionDispatch::Routing::RouteSet#call'
railties (8.0.2) lib/rails/engine/lazy_route_set.rb:68:in 'Rails::Engine::LazyRouteSet#call'
rack (3.1.13) lib/rack/etag.rb:29:in 'Rack::ETag#call'
rack (3.1.13) lib/rack/conditional_get.rb:31:in 'Rack::ConditionalGet#call'
rack (3.1.13) lib/rack/head.rb:15:in 'Rack::Head#call'
activerecord (8.0.2) lib/active_record/migration.rb:671:in 'ActiveRecord::Migration::CheckPending#call'
actionpack (8.0.2) lib/action_dispatch/middleware/callbacks.rb:31:in 'block in ActionDispatch::Callbacks#call'
activesupport (8.0.2) lib/active_support/callbacks.rb:100:in 'ActiveSupport::Callbacks#run_callbacks'
actionpack (8.0.2) lib/action_dispatch/middleware/callbacks.rb:30:in 'ActionDispatch::Callbacks#call'
actionpack (8.0.2) lib/action_dispatch/middleware/executor.rb:16:in 'ActionDispatch::Executor#call'
actionpack (8.0.2) lib/action_dispatch/middleware/actionable_exceptions.rb:18:in 'ActionDispatch::ActionableExceptions#call'
actionpack (8.0.2) lib/action_dispatch/middleware/debug_exceptions.rb:31:in 'ActionDispatch::DebugExceptions#call'
actionpack (8.0.2) lib/action_dispatch/middleware/show_exceptions.rb:32:in 'ActionDispatch::ShowExceptions#call'
railties (8.0.2) lib/rails/rack/logger.rb:41:in 'Rails::Rack::Logger#call_app'
railties (8.0.2) lib/rails/rack/logger.rb:29:in 'Rails::Rack::Logger#call'
actionpack (8.0.2) lib/action_dispatch/middleware/remote_ip.rb:96:in 'ActionDispatch::RemoteIp#call'
actionpack (8.0.2) lib/action_dispatch/middleware/request_id.rb:34:in 'ActionDispatch::RequestId#call'
rack (3.1.13) lib/rack/runtime.rb:24:in 'Rack::Runtime#call'
actionpack (8.0.2) lib/action_dispatch/middleware/server_timing.rb:61:in 'block in ActionDispatch::ServerTiming#call'
actionpack (8.0.2) lib/action_dispatch/middleware/server_timing.rb:26:in 'ActionDispatch::ServerTiming::Subscriber#collect_events'
actionpack (8.0.2) lib/action_dispatch/middleware/server_timing.rb:60:in 'ActionDispatch::ServerTiming#call'
actionpack (8.0.2) lib/action_dispatch/middleware/executor.rb:16:in 'ActionDispatch::Executor#call'
actionpack (8.0.2) lib/action_dispatch/middleware/static.rb:27:in 'ActionDispatch::Static#call'
rack (3.1.13) lib/rack/sendfile.rb:114:in 'Rack::Sendfile#call'
actionpack (8.0.2) lib/action_dispatch/middleware/host_authorization.rb:143:in 'ActionDispatch::HostAuthorization#call'
railties (8.0.2) lib/rails/engine.rb:535:in 'Rails::Engine#call'
puma (6.6.0) lib/puma/configuration.rb:279:in 'Puma::Configuration::ConfigMiddleware#call'
puma (6.6.0) lib/puma/request.rb:99:in 'block in Puma::Request#handle_request'
puma (6.6.0) lib/puma/thread_pool.rb:390:in 'Puma::ThreadPool#with_force_shutdown'
puma (6.6.0) lib/puma/request.rb:98:in 'Puma::Request#handle_request'
puma (6.6.0) lib/puma/server.rb:472:in 'Puma::Server#process_client'
puma (6.6.0) lib/puma/server.rb:254:in 'block in Puma::Server#run'
puma (6.6.0) lib/puma/thread_pool.rb:167:in 'block in Puma::ThreadPool#spawn_thread'
Started GET "/api/v1/challenge" for 127.0.0.1 at 2025-04-20 11:51:05 +0530
  [1m[36mActiveRecord::SchemaMigration Load (1.1ms)[0m  [1m[34mSELECT "schema_migrations"."version" FROM "schema_migrations" ORDER BY "schema_migrations"."version" ASC /*application='RubyonrailsBackend'*/[0m
  
Zeitwerk::NameError (expected file /Users/yadhu/Desktop/Ruby-on-Rails-Backend/app/controllers/api/v1/challenge_controller.rb to define constant Api::V1::ChallengeController, but didn't):
  
zeitwerk (2.7.2) lib/zeitwerk/loader/callbacks.rb:32:in 'Zeitwerk::Loader::Callbacks#on_file_autoloaded'
zeitwerk (2.7.2) lib/zeitwerk/core_ext/kernel.rb:27:in 'Kernel#require'
activesupport (8.0.2) lib/active_support/inflector/methods.rb:290:in 'Module#const_get'
activesupport (8.0.2) lib/active_support/inflector/methods.rb:290:in 'ActiveSupport::Inflector#constantize'
activesupport (8.0.2) lib/active_support/core_ext/string/inflections.rb:74:in 'String#constantize'
actionpack (8.0.2) lib/action_dispatch/http/request.rb:99:in 'ActionDispatch::Request#controller_class_for'
actionpack (8.0.2) lib/action_dispatch/request/utils.rb:108:in 'ActionDispatch::Request::Utils::CustomParamEncoder.action_encoding_template'
actionpack (8.0.2) lib/action_dispatch/request/utils.rb:102:in 'ActionDispatch::Request::Utils::CustomParamEncoder.encode'
actionpack (8.0.2) lib/action_dispatch/request/utils.rb:47:in 'ActionDispatch::Request::Utils.set_binary_encoding'
actionpack (8.0.2) lib/action_dispatch/http/parameters.rb:70:in 'ActionDispatch::Http::Parameters#path_parameters='
actionpack (8.0.2) lib/action_dispatch/journey/router.rb:50:in 'block in ActionDispatch::Journey::Router#serve'
actionpack (8.0.2) lib/action_dispatch/journey/router.rb:133:in 'block in ActionDispatch::Journey::Router#find_routes'
actionpack (8.0.2) lib/action_dispatch/journey/router.rb:126:in 'Array#each'
actionpack (8.0.2) lib/action_dispatch/journey/router.rb:126:in 'ActionDispatch::Journey::Router#find_routes'
actionpack (8.0.2) lib/action_dispatch/journey/router.rb:34:in 'ActionDispatch::Journey::Router#serve'
actionpack (8.0.2) lib/action_dispatch/routing/route_set.rb:908:in 'ActionDispatch::Routing::RouteSet#call'
railties (8.0.2) lib/rails/engine/lazy_route_set.rb:68:in 'Rails::Engine::LazyRouteSet#call'
rack (3.1.13) lib/rack/etag.rb:29:in 'Rack::ETag#call'
rack (3.1.13) lib/rack/conditional_get.rb:31:in 'Rack::ConditionalGet#call'
rack (3.1.13) lib/rack/head.rb:15:in 'Rack::Head#call'
activerecord (8.0.2) lib/active_record/migration.rb:671:in 'ActiveRecord::Migration::CheckPending#call'
actionpack (8.0.2) lib/action_dispatch/middleware/callbacks.rb:31:in 'block in ActionDispatch::Callbacks#call'
activesupport (8.0.2) lib/active_support/callbacks.rb:100:in 'ActiveSupport::Callbacks#run_callbacks'
actionpack (8.0.2) lib/action_dispatch/middleware/callbacks.rb:30:in 'ActionDispatch::Callbacks#call'
actionpack (8.0.2) lib/action_dispatch/middleware/executor.rb:16:in 'ActionDispatch::Executor#call'
actionpack (8.0.2) lib/action_dispatch/middleware/actionable_exceptions.rb:18:in 'ActionDispatch::ActionableExceptions#call'
actionpack (8.0.2) lib/action_dispatch/middleware/debug_exceptions.rb:31:in 'ActionDispatch::DebugExceptions#call'
actionpack (8.0.2) lib/action_dispatch/middleware/show_exceptions.rb:32:in 'ActionDispatch::ShowExceptions#call'
railties (8.0.2) lib/rails/rack/logger.rb:41:in 'Rails::Rack::Logger#call_app'
railties (8.0.2) lib/rails/rack/logger.rb:29:in 'Rails::Rack::Logger#call'
actionpack (8.0.2) lib/action_dispatch/middleware/remote_ip.rb:96:in 'ActionDispatch::RemoteIp#call'
actionpack (8.0.2) lib/action_dispatch/middleware/request_id.rb:34:in 'ActionDispatch::RequestId#call'
rack (3.1.13) lib/rack/runtime.rb:24:in 'Rack::Runtime#call'
actionpack (8.0.2) lib/action_dispatch/middleware/server_timing.rb:61:in 'block in ActionDispatch::ServerTiming#call'
actionpack (8.0.2) lib/action_dispatch/middleware/server_timing.rb:26:in 'ActionDispatch::ServerTiming::Subscriber#collect_events'
actionpack (8.0.2) lib/action_dispatch/middleware/server_timing.rb:60:in 'ActionDispatch::ServerTiming#call'
actionpack (8.0.2) lib/action_dispatch/middleware/executor.rb:16:in 'ActionDispatch::Executor#call'
actionpack (8.0.2) lib/action_dispatch/middleware/static.rb:27:in 'ActionDispatch::Static#call'
rack (3.1.13) lib/rack/sendfile.rb:114:in 'Rack::Sendfile#call'
actionpack (8.0.2) lib/action_dispatch/middleware/host_authorization.rb:143:in 'ActionDispatch::HostAuthorization#call'
railties (8.0.2) lib/rails/engine.rb:535:in 'Rails::Engine#call'
puma (6.6.0) lib/puma/configuration.rb:279:in 'Puma::Configuration::ConfigMiddleware#call'
puma (6.6.0) lib/puma/request.rb:99:in 'block in Puma::Request#handle_request'
puma (6.6.0) lib/puma/thread_pool.rb:390:in 'Puma::ThreadPool#with_force_shutdown'
puma (6.6.0) lib/puma/request.rb:98:in 'Puma::Request#handle_request'
puma (6.6.0) lib/puma/server.rb:472:in 'Puma::Server#process_client'
puma (6.6.0) lib/puma/server.rb:254:in 'block in Puma::Server#run'
puma (6.6.0) lib/puma/thread_pool.rb:167:in 'block in Puma::ThreadPool#spawn_thread'
Started GET "/api/v1/challenge" for 127.0.0.1 at 2025-04-20 11:51:33 +0530
  [1m[36mActiveRecord::SchemaMigration Load (1.1ms)[0m  [1m[34mSELECT "schema_migrations"."version" FROM "schema_migrations" ORDER BY "schema_migrations"."version" ASC /*application='RubyonrailsBackend'*/[0m
  
Zeitwerk::NameError (expected file /Users/yadhu/Desktop/Ruby-on-Rails-Backend/app/controllers/api/v1/challenge_controller.rb to define constant Api::V1::ChallengeController, but didn't):
  
zeitwerk (2.7.2) lib/zeitwerk/loader/callbacks.rb:32:in 'Zeitwerk::Loader::Callbacks#on_file_autoloaded'
zeitwerk (2.7.2) lib/zeitwerk/core_ext/kernel.rb:27:in 'Kernel#require'
activesupport (8.0.2) lib/active_support/inflector/methods.rb:290:in 'Module#const_get'
activesupport (8.0.2) lib/active_support/inflector/methods.rb:290:in 'ActiveSupport::Inflector#constantize'
activesupport (8.0.2) lib/active_support/core_ext/string/inflections.rb:74:in 'String#constantize'
actionpack (8.0.2) lib/action_dispatch/http/request.rb:99:in 'ActionDispatch::Request#controller_class_for'
actionpack (8.0.2) lib/action_dispatch/request/utils.rb:108:in 'ActionDispatch::Request::Utils::CustomParamEncoder.action_encoding_template'
actionpack (8.0.2) lib/action_dispatch/request/utils.rb:102:in 'ActionDispatch::Request::Utils::CustomParamEncoder.encode'
actionpack (8.0.2) lib/action_dispatch/request/utils.rb:47:in 'ActionDispatch::Request::Utils.set_binary_encoding'
actionpack (8.0.2) lib/action_dispatch/http/parameters.rb:70:in 'ActionDispatch::Http::Parameters#path_parameters='
actionpack (8.0.2) lib/action_dispatch/journey/router.rb:50:in 'block in ActionDispatch::Journey::Router#serve'
actionpack (8.0.2) lib/action_dispatch/journey/router.rb:133:in 'block in ActionDispatch::Journey::Router#find_routes'
actionpack (8.0.2) lib/action_dispatch/journey/router.rb:126:in 'Array#each'
actionpack (8.0.2) lib/action_dispatch/journey/router.rb:126:in 'ActionDispatch::Journey::Router#find_routes'
actionpack (8.0.2) lib/action_dispatch/journey/router.rb:34:in 'ActionDispatch::Journey::Router#serve'
actionpack (8.0.2) lib/action_dispatch/routing/route_set.rb:908:in 'ActionDispatch::Routing::RouteSet#call'
railties (8.0.2) lib/rails/engine/lazy_route_set.rb:68:in 'Rails::Engine::LazyRouteSet#call'
rack (3.1.13) lib/rack/etag.rb:29:in 'Rack::ETag#call'
rack (3.1.13) lib/rack/conditional_get.rb:31:in 'Rack::ConditionalGet#call'
rack (3.1.13) lib/rack/head.rb:15:in 'Rack::Head#call'
activerecord (8.0.2) lib/active_record/migration.rb:671:in 'ActiveRecord::Migration::CheckPending#call'
actionpack (8.0.2) lib/action_dispatch/middleware/callbacks.rb:31:in 'block in ActionDispatch::Callbacks#call'
activesupport (8.0.2) lib/active_support/callbacks.rb:100:in 'ActiveSupport::Callbacks#run_callbacks'
actionpack (8.0.2) lib/action_dispatch/middleware/callbacks.rb:30:in 'ActionDispatch::Callbacks#call'
actionpack (8.0.2) lib/action_dispatch/middleware/executor.rb:16:in 'ActionDispatch::Executor#call'
actionpack (8.0.2) lib/action_dispatch/middleware/actionable_exceptions.rb:18:in 'ActionDispatch::ActionableExceptions#call'
actionpack (8.0.2) lib/action_dispatch/middleware/debug_exceptions.rb:31:in 'ActionDispatch::DebugExceptions#call'
actionpack (8.0.2) lib/action_dispatch/middleware/show_exceptions.rb:32:in 'ActionDispatch::ShowExceptions#call'
railties (8.0.2) lib/rails/rack/logger.rb:41:in 'Rails::Rack::Logger#call_app'
railties (8.0.2) lib/rails/rack/logger.rb:29:in 'Rails::Rack::Logger#call'
actionpack (8.0.2) lib/action_dispatch/middleware/remote_ip.rb:96:in 'ActionDispatch::RemoteIp#call'
actionpack (8.0.2) lib/action_dispatch/middleware/request_id.rb:34:in 'ActionDispatch::RequestId#call'
rack (3.1.13) lib/rack/runtime.rb:24:in 'Rack::Runtime#call'
actionpack (8.0.2) lib/action_dispatch/middleware/server_timing.rb:61:in 'block in ActionDispatch::ServerTiming#call'
actionpack (8.0.2) lib/action_dispatch/middleware/server_timing.rb:26:in 'ActionDispatch::ServerTiming::Subscriber#collect_events'
actionpack (8.0.2) lib/action_dispatch/middleware/server_timing.rb:60:in 'ActionDispatch::ServerTiming#call'
actionpack (8.0.2) lib/action_dispatch/middleware/executor.rb:16:in 'ActionDispatch::Executor#call'
actionpack (8.0.2) lib/action_dispatch/middleware/static.rb:27:in 'ActionDispatch::Static#call'
rack (3.1.13) lib/rack/sendfile.rb:114:in 'Rack::Sendfile#call'
actionpack (8.0.2) lib/action_dispatch/middleware/host_authorization.rb:143:in 'ActionDispatch::HostAuthorization#call'
railties (8.0.2) lib/rails/engine.rb:535:in 'Rails::Engine#call'
puma (6.6.0) lib/puma/configuration.rb:279:in 'Puma::Configuration::ConfigMiddleware#call'
puma (6.6.0) lib/puma/request.rb:99:in 'block in Puma::Request#handle_request'
puma (6.6.0) lib/puma/thread_pool.rb:390:in 'Puma::ThreadPool#with_force_shutdown'
puma (6.6.0) lib/puma/request.rb:98:in 'Puma::Request#handle_request'
puma (6.6.0) lib/puma/server.rb:472:in 'Puma::Server#process_client'
puma (6.6.0) lib/puma/server.rb:254:in 'block in Puma::Server#run'
puma (6.6.0) lib/puma/thread_pool.rb:167:in 'block in Puma::ThreadPool#spawn_thread'
Started GET "/api/v1/challenge" for 127.0.0.1 at 2025-04-20 11:52:13 +0530
  [1m[36mActiveRecord::SchemaMigration Load (1.4ms)[0m  [1m[34mSELECT "schema_migrations"."version" FROM "schema_migrations" ORDER BY "schema_migrations"."version" ASC /*application='RubyonrailsBackend'*/[0m
  
Zeitwerk::NameError (expected file /Users/yadhu/Desktop/Ruby-on-Rails-Backend/app/controllers/api/v1/challenge_controller.rb to define constant Api::V1::ChallengeController, but didn't):
  
zeitwerk (2.7.2) lib/zeitwerk/loader/callbacks.rb:32:in 'Zeitwerk::Loader::Callbacks#on_file_autoloaded'
zeitwerk (2.7.2) lib/zeitwerk/core_ext/kernel.rb:27:in 'Kernel#require'
activesupport (8.0.2) lib/active_support/inflector/methods.rb:290:in 'Module#const_get'
activesupport (8.0.2) lib/active_support/inflector/methods.rb:290:in 'ActiveSupport::Inflector#constantize'
activesupport (8.0.2) lib/active_support/core_ext/string/inflections.rb:74:in 'String#constantize'
actionpack (8.0.2) lib/action_dispatch/http/request.rb:99:in 'ActionDispatch::Request#controller_class_for'
actionpack (8.0.2) lib/action_dispatch/request/utils.rb:108:in 'ActionDispatch::Request::Utils::CustomParamEncoder.action_encoding_template'
actionpack (8.0.2) lib/action_dispatch/request/utils.rb:102:in 'ActionDispatch::Request::Utils::CustomParamEncoder.encode'
actionpack (8.0.2) lib/action_dispatch/request/utils.rb:47:in 'ActionDispatch::Request::Utils.set_binary_encoding'
actionpack (8.0.2) lib/action_dispatch/http/parameters.rb:70:in 'ActionDispatch::Http::Parameters#path_parameters='
actionpack (8.0.2) lib/action_dispatch/journey/router.rb:50:in 'block in ActionDispatch::Journey::Router#serve'
actionpack (8.0.2) lib/action_dispatch/journey/router.rb:133:in 'block in ActionDispatch::Journey::Router#find_routes'
actionpack (8.0.2) lib/action_dispatch/journey/router.rb:126:in 'Array#each'
actionpack (8.0.2) lib/action_dispatch/journey/router.rb:126:in 'ActionDispatch::Journey::Router#find_routes'
actionpack (8.0.2) lib/action_dispatch/journey/router.rb:34:in 'ActionDispatch::Journey::Router#serve'
actionpack (8.0.2) lib/action_dispatch/routing/route_set.rb:908:in 'ActionDispatch::Routing::RouteSet#call'
railties (8.0.2) lib/rails/engine/lazy_route_set.rb:68:in 'Rails::Engine::LazyRouteSet#call'
rack (3.1.13) lib/rack/etag.rb:29:in 'Rack::ETag#call'
rack (3.1.13) lib/rack/conditional_get.rb:31:in 'Rack::ConditionalGet#call'
rack (3.1.13) lib/rack/head.rb:15:in 'Rack::Head#call'
activerecord (8.0.2) lib/active_record/migration.rb:671:in 'ActiveRecord::Migration::CheckPending#call'
actionpack (8.0.2) lib/action_dispatch/middleware/callbacks.rb:31:in 'block in ActionDispatch::Callbacks#call'
activesupport (8.0.2) lib/active_support/callbacks.rb:100:in 'ActiveSupport::Callbacks#run_callbacks'
actionpack (8.0.2) lib/action_dispatch/middleware/callbacks.rb:30:in 'ActionDispatch::Callbacks#call'
actionpack (8.0.2) lib/action_dispatch/middleware/executor.rb:16:in 'ActionDispatch::Executor#call'
actionpack (8.0.2) lib/action_dispatch/middleware/actionable_exceptions.rb:18:in 'ActionDispatch::ActionableExceptions#call'
actionpack (8.0.2) lib/action_dispatch/middleware/debug_exceptions.rb:31:in 'ActionDispatch::DebugExceptions#call'
actionpack (8.0.2) lib/action_dispatch/middleware/show_exceptions.rb:32:in 'ActionDispatch::ShowExceptions#call'
railties (8.0.2) lib/rails/rack/logger.rb:41:in 'Rails::Rack::Logger#call_app'
railties (8.0.2) lib/rails/rack/logger.rb:29:in 'Rails::Rack::Logger#call'
actionpack (8.0.2) lib/action_dispatch/middleware/remote_ip.rb:96:in 'ActionDispatch::RemoteIp#call'
actionpack (8.0.2) lib/action_dispatch/middleware/request_id.rb:34:in 'ActionDispatch::RequestId#call'
rack (3.1.13) lib/rack/runtime.rb:24:in 'Rack::Runtime#call'
actionpack (8.0.2) lib/action_dispatch/middleware/server_timing.rb:61:in 'block in ActionDispatch::ServerTiming#call'
actionpack (8.0.2) lib/action_dispatch/middleware/server_timing.rb:26:in 'ActionDispatch::ServerTiming::Subscriber#collect_events'
actionpack (8.0.2) lib/action_dispatch/middleware/server_timing.rb:60:in 'ActionDispatch::ServerTiming#call'
actionpack (8.0.2) lib/action_dispatch/middleware/executor.rb:16:in 'ActionDispatch::Executor#call'
actionpack (8.0.2) lib/action_dispatch/middleware/static.rb:27:in 'ActionDispatch::Static#call'
rack (3.1.13) lib/rack/sendfile.rb:114:in 'Rack::Sendfile#call'
actionpack (8.0.2) lib/action_dispatch/middleware/host_authorization.rb:143:in 'ActionDispatch::HostAuthorization#call'
railties (8.0.2) lib/rails/engine.rb:535:in 'Rails::Engine#call'
puma (6.6.0) lib/puma/configuration.rb:279:in 'Puma::Configuration::ConfigMiddleware#call'
puma (6.6.0) lib/puma/request.rb:99:in 'block in Puma::Request#handle_request'
puma (6.6.0) lib/puma/thread_pool.rb:390:in 'Puma::ThreadPool#with_force_shutdown'
puma (6.6.0) lib/puma/request.rb:98:in 'Puma::Request#handle_request'
puma (6.6.0) lib/puma/server.rb:472:in 'Puma::Server#process_client'
puma (6.6.0) lib/puma/server.rb:254:in 'block in Puma::Server#run'
puma (6.6.0) lib/puma/thread_pool.rb:167:in 'block in Puma::ThreadPool#spawn_thread'
Started GET "/api/v1/challenge" for 127.0.0.1 at 2025-04-20 11:52:57 +0530
  [1m[36mActiveRecord::SchemaMigration Load (1.7ms)[0m  [1m[34mSELECT "schema_migrations"."version" FROM "schema_migrations" ORDER BY "schema_migrations"."version" ASC /*application='RubyonrailsBackend'*/[0m
  
ArgumentError ('Api/V1/Challenge' is not a supported controller name. This can lead to potential routing problems. See https://guides.rubyonrails.org/routing.html#specifying-a-controller-to-use):
  
config/routes.rb:12:in 'block (3 levels) in <main>'
config/routes.rb:11:in 'block (2 levels) in <main>'
config/routes.rb:10:in 'block in <main>'
config/routes.rb:1:in '<main>'
Started GET "/api/v1/challenge" for 127.0.0.1 at 2025-04-20 11:54:22 +0530
  [1m[36mActiveRecord::SchemaMigration Load (1.7ms)[0m  [1m[34mSELECT "schema_migrations"."version" FROM "schema_migrations" ORDER BY "schema_migrations"."version" ASC /*application='RubyonrailsBackend'*/[0m
  
Zeitwerk::NameError (expected file /Users/yadhu/Desktop/Ruby-on-Rails-Backend/app/controllers/api/v1/challenge_controller.rb to define constant Api::V1::ChallengeController, but didn't):
  
zeitwerk (2.7.2) lib/zeitwerk/loader/callbacks.rb:32:in 'Zeitwerk::Loader::Callbacks#on_file_autoloaded'
zeitwerk (2.7.2) lib/zeitwerk/core_ext/kernel.rb:27:in 'Kernel#require'
activesupport (8.0.2) lib/active_support/inflector/methods.rb:290:in 'Module#const_get'
activesupport (8.0.2) lib/active_support/inflector/methods.rb:290:in 'ActiveSupport::Inflector#constantize'
activesupport (8.0.2) lib/active_support/core_ext/string/inflections.rb:74:in 'String#constantize'
actionpack (8.0.2) lib/action_dispatch/http/request.rb:99:in 'ActionDispatch::Request#controller_class_for'
actionpack (8.0.2) lib/action_dispatch/request/utils.rb:108:in 'ActionDispatch::Request::Utils::CustomParamEncoder.action_encoding_template'
actionpack (8.0.2) lib/action_dispatch/request/utils.rb:102:in 'ActionDispatch::Request::Utils::CustomParamEncoder.encode'
actionpack (8.0.2) lib/action_dispatch/request/utils.rb:47:in 'ActionDispatch::Request::Utils.set_binary_encoding'
actionpack (8.0.2) lib/action_dispatch/http/parameters.rb:70:in 'ActionDispatch::Http::Parameters#path_parameters='
actionpack (8.0.2) lib/action_dispatch/journey/router.rb:50:in 'block in ActionDispatch::Journey::Router#serve'
actionpack (8.0.2) lib/action_dispatch/journey/router.rb:133:in 'block in ActionDispatch::Journey::Router#find_routes'
actionpack (8.0.2) lib/action_dispatch/journey/router.rb:126:in 'Array#each'
actionpack (8.0.2) lib/action_dispatch/journey/router.rb:126:in 'ActionDispatch::Journey::Router#find_routes'
actionpack (8.0.2) lib/action_dispatch/journey/router.rb:34:in 'ActionDispatch::Journey::Router#serve'
actionpack (8.0.2) lib/action_dispatch/routing/route_set.rb:908:in 'ActionDispatch::Routing::RouteSet#call'
railties (8.0.2) lib/rails/engine/lazy_route_set.rb:68:in 'Rails::Engine::LazyRouteSet#call'
rack (3.1.13) lib/rack/etag.rb:29:in 'Rack::ETag#call'
rack (3.1.13) lib/rack/conditional_get.rb:31:in 'Rack::ConditionalGet#call'
rack (3.1.13) lib/rack/head.rb:15:in 'Rack::Head#call'
activerecord (8.0.2) lib/active_record/migration.rb:671:in 'ActiveRecord::Migration::CheckPending#call'
actionpack (8.0.2) lib/action_dispatch/middleware/callbacks.rb:31:in 'block in ActionDispatch::Callbacks#call'
activesupport (8.0.2) lib/active_support/callbacks.rb:100:in 'ActiveSupport::Callbacks#run_callbacks'
actionpack (8.0.2) lib/action_dispatch/middleware/callbacks.rb:30:in 'ActionDispatch::Callbacks#call'
actionpack (8.0.2) lib/action_dispatch/middleware/executor.rb:16:in 'ActionDispatch::Executor#call'
actionpack (8.0.2) lib/action_dispatch/middleware/actionable_exceptions.rb:18:in 'ActionDispatch::ActionableExceptions#call'
actionpack (8.0.2) lib/action_dispatch/middleware/debug_exceptions.rb:31:in 'ActionDispatch::DebugExceptions#call'
actionpack (8.0.2) lib/action_dispatch/middleware/show_exceptions.rb:32:in 'ActionDispatch::ShowExceptions#call'
railties (8.0.2) lib/rails/rack/logger.rb:41:in 'Rails::Rack::Logger#call_app'
railties (8.0.2) lib/rails/rack/logger.rb:29:in 'Rails::Rack::Logger#call'
actionpack (8.0.2) lib/action_dispatch/middleware/remote_ip.rb:96:in 'ActionDispatch::RemoteIp#call'
actionpack (8.0.2) lib/action_dispatch/middleware/request_id.rb:34:in 'ActionDispatch::RequestId#call'
rack (3.1.13) lib/rack/runtime.rb:24:in 'Rack::Runtime#call'
actionpack (8.0.2) lib/action_dispatch/middleware/server_timing.rb:61:in 'block in ActionDispatch::ServerTiming#call'
actionpack (8.0.2) lib/action_dispatch/middleware/server_timing.rb:26:in 'ActionDispatch::ServerTiming::Subscriber#collect_events'
actionpack (8.0.2) lib/action_dispatch/middleware/server_timing.rb:60:in 'ActionDispatch::ServerTiming#call'
actionpack (8.0.2) lib/action_dispatch/middleware/executor.rb:16:in 'ActionDispatch::Executor#call'
actionpack (8.0.2) lib/action_dispatch/middleware/static.rb:27:in 'ActionDispatch::Static#call'
rack (3.1.13) lib/rack/sendfile.rb:114:in 'Rack::Sendfile#call'
actionpack (8.0.2) lib/action_dispatch/middleware/host_authorization.rb:143:in 'ActionDispatch::HostAuthorization#call'
railties (8.0.2) lib/rails/engine.rb:535:in 'Rails::Engine#call'
puma (6.6.0) lib/puma/configuration.rb:279:in 'Puma::Configuration::ConfigMiddleware#call'
puma (6.6.0) lib/puma/request.rb:99:in 'block in Puma::Request#handle_request'
puma (6.6.0) lib/puma/thread_pool.rb:390:in 'Puma::ThreadPool#with_force_shutdown'
puma (6.6.0) lib/puma/request.rb:98:in 'Puma::Request#handle_request'
puma (6.6.0) lib/puma/server.rb:472:in 'Puma::Server#process_client'
puma (6.6.0) lib/puma/server.rb:254:in 'block in Puma::Server#run'
puma (6.6.0) lib/puma/thread_pool.rb:167:in 'block in Puma::ThreadPool#spawn_thread'
Started GET "/api/v1/challenge" for 127.0.0.1 at 2025-04-20 11:54:54 +0530
  [1m[36mActiveRecord::SchemaMigration Load (1.6ms)[0m  [1m[34mSELECT "schema_migrations"."version" FROM "schema_migrations" ORDER BY "schema_migrations"."version" ASC /*application='RubyonrailsBackend'*/[0m
  
Zeitwerk::NameError (expected file /Users/yadhu/Desktop/Ruby-on-Rails-Backend/app/controllers/api/v1/challenge_controller.rb to define constant Api::V1::ChallengeController, but didn't):
  
zeitwerk (2.7.2) lib/zeitwerk/loader/callbacks.rb:32:in 'Zeitwerk::Loader::Callbacks#on_file_autoloaded'
zeitwerk (2.7.2) lib/zeitwerk/core_ext/kernel.rb:27:in 'Kernel#require'
activesupport (8.0.2) lib/active_support/inflector/methods.rb:290:in 'Module#const_get'
activesupport (8.0.2) lib/active_support/inflector/methods.rb:290:in 'ActiveSupport::Inflector#constantize'
activesupport (8.0.2) lib/active_support/core_ext/string/inflections.rb:74:in 'String#constantize'
actionpack (8.0.2) lib/action_dispatch/http/request.rb:99:in 'ActionDispatch::Request#controller_class_for'
actionpack (8.0.2) lib/action_dispatch/request/utils.rb:108:in 'ActionDispatch::Request::Utils::CustomParamEncoder.action_encoding_template'
actionpack (8.0.2) lib/action_dispatch/request/utils.rb:102:in 'ActionDispatch::Request::Utils::CustomParamEncoder.encode'
actionpack (8.0.2) lib/action_dispatch/request/utils.rb:47:in 'ActionDispatch::Request::Utils.set_binary_encoding'
actionpack (8.0.2) lib/action_dispatch/http/parameters.rb:70:in 'ActionDispatch::Http::Parameters#path_parameters='
actionpack (8.0.2) lib/action_dispatch/journey/router.rb:50:in 'block in ActionDispatch::Journey::Router#serve'
actionpack (8.0.2) lib/action_dispatch/journey/router.rb:133:in 'block in ActionDispatch::Journey::Router#find_routes'
actionpack (8.0.2) lib/action_dispatch/journey/router.rb:126:in 'Array#each'
actionpack (8.0.2) lib/action_dispatch/journey/router.rb:126:in 'ActionDispatch::Journey::Router#find_routes'
actionpack (8.0.2) lib/action_dispatch/journey/router.rb:34:in 'ActionDispatch::Journey::Router#serve'
actionpack (8.0.2) lib/action_dispatch/routing/route_set.rb:908:in 'ActionDispatch::Routing::RouteSet#call'
railties (8.0.2) lib/rails/engine/lazy_route_set.rb:68:in 'Rails::Engine::LazyRouteSet#call'
rack (3.1.13) lib/rack/etag.rb:29:in 'Rack::ETag#call'
rack (3.1.13) lib/rack/conditional_get.rb:31:in 'Rack::ConditionalGet#call'
rack (3.1.13) lib/rack/head.rb:15:in 'Rack::Head#call'
activerecord (8.0.2) lib/active_record/migration.rb:671:in 'ActiveRecord::Migration::CheckPending#call'
actionpack (8.0.2) lib/action_dispatch/middleware/callbacks.rb:31:in 'block in ActionDispatch::Callbacks#call'
activesupport (8.0.2) lib/active_support/callbacks.rb:100:in 'ActiveSupport::Callbacks#run_callbacks'
actionpack (8.0.2) lib/action_dispatch/middleware/callbacks.rb:30:in 'ActionDispatch::Callbacks#call'
actionpack (8.0.2) lib/action_dispatch/middleware/executor.rb:16:in 'ActionDispatch::Executor#call'
actionpack (8.0.2) lib/action_dispatch/middleware/actionable_exceptions.rb:18:in 'ActionDispatch::ActionableExceptions#call'
actionpack (8.0.2) lib/action_dispatch/middleware/debug_exceptions.rb:31:in 'ActionDispatch::DebugExceptions#call'
actionpack (8.0.2) lib/action_dispatch/middleware/show_exceptions.rb:32:in 'ActionDispatch::ShowExceptions#call'
railties (8.0.2) lib/rails/rack/logger.rb:41:in 'Rails::Rack::Logger#call_app'
railties (8.0.2) lib/rails/rack/logger.rb:29:in 'Rails::Rack::Logger#call'
actionpack (8.0.2) lib/action_dispatch/middleware/remote_ip.rb:96:in 'ActionDispatch::RemoteIp#call'
actionpack (8.0.2) lib/action_dispatch/middleware/request_id.rb:34:in 'ActionDispatch::RequestId#call'
rack (3.1.13) lib/rack/runtime.rb:24:in 'Rack::Runtime#call'
actionpack (8.0.2) lib/action_dispatch/middleware/server_timing.rb:61:in 'block in ActionDispatch::ServerTiming#call'
actionpack (8.0.2) lib/action_dispatch/middleware/server_timing.rb:26:in 'ActionDispatch::ServerTiming::Subscriber#collect_events'
actionpack (8.0.2) lib/action_dispatch/middleware/server_timing.rb:60:in 'ActionDispatch::ServerTiming#call'
actionpack (8.0.2) lib/action_dispatch/middleware/executor.rb:16:in 'ActionDispatch::Executor#call'
actionpack (8.0.2) lib/action_dispatch/middleware/static.rb:27:in 'ActionDispatch::Static#call'
rack (3.1.13) lib/rack/sendfile.rb:114:in 'Rack::Sendfile#call'
actionpack (8.0.2) lib/action_dispatch/middleware/host_authorization.rb:143:in 'ActionDispatch::HostAuthorization#call'
railties (8.0.2) lib/rails/engine.rb:535:in 'Rails::Engine#call'
puma (6.6.0) lib/puma/configuration.rb:279:in 'Puma::Configuration::ConfigMiddleware#call'
puma (6.6.0) lib/puma/request.rb:99:in 'block in Puma::Request#handle_request'
puma (6.6.0) lib/puma/thread_pool.rb:390:in 'Puma::ThreadPool#with_force_shutdown'
puma (6.6.0) lib/puma/request.rb:98:in 'Puma::Request#handle_request'
puma (6.6.0) lib/puma/server.rb:472:in 'Puma::Server#process_client'
puma (6.6.0) lib/puma/server.rb:254:in 'block in Puma::Server#run'
puma (6.6.0) lib/puma/thread_pool.rb:167:in 'block in Puma::ThreadPool#spawn_thread'
Started GET "/api/v1/challengea" for 127.0.0.1 at 2025-04-20 11:56:30 +0530
  [1m[36mActiveRecord::SchemaMigration Load (1.6ms)[0m  [1m[34mSELECT "schema_migrations"."version" FROM "schema_migrations" ORDER BY "schema_migrations"."version" ASC /*application='RubyonrailsBackend'*/[0m
  
ActionController::RoutingError (No route matches [GET] "/api/v1/challengea"):
  
Started GET "/api/v1/challenges" for 127.0.0.1 at 2025-04-20 11:56:36 +0530
  
ActionController::RoutingError (uninitialized constant Api::V1::ChallengesController)
Caused by: ActionDispatch::MissingController (uninitialized constant Api::V1::ChallengesController)
Caused by: NameError (uninitialized constant Api::V1::ChallengesController)

Information for: ActionController::RoutingError (uninitialized constant Api::V1::ChallengesController):
  

Information for cause: ActionDispatch::MissingController (uninitialized constant Api::V1::ChallengesController):
  
actionpack (8.0.2) lib/action_dispatch/http/request.rb:102:in 'ActionDispatch::Request#controller_class_for'
actionpack (8.0.2) lib/action_dispatch/http/request.rb:91:in 'ActionDispatch::Request#controller_class'
actionpack (8.0.2) lib/action_dispatch/routing/route_set.rb:61:in 'ActionDispatch::Routing::RouteSet::Dispatcher#controller'
actionpack (8.0.2) lib/action_dispatch/routing/route_set.rb:48:in 'ActionDispatch::Routing::RouteSet::Dispatcher#serve'
actionpack (8.0.2) lib/action_dispatch/journey/router.rb:53:in 'block in ActionDispatch::Journey::Router#serve'
actionpack (8.0.2) lib/action_dispatch/journey/router.rb:133:in 'block in ActionDispatch::Journey::Router#find_routes'
actionpack (8.0.2) lib/action_dispatch/journey/router.rb:126:in 'Array#each'
actionpack (8.0.2) lib/action_dispatch/journey/router.rb:126:in 'ActionDispatch::Journey::Router#find_routes'
actionpack (8.0.2) lib/action_dispatch/journey/router.rb:34:in 'ActionDispatch::Journey::Router#serve'
actionpack (8.0.2) lib/action_dispatch/routing/route_set.rb:908:in 'ActionDispatch::Routing::RouteSet#call'
railties (8.0.2) lib/rails/engine/lazy_route_set.rb:68:in 'Rails::Engine::LazyRouteSet#call'
rack (3.1.13) lib/rack/etag.rb:29:in 'Rack::ETag#call'
rack (3.1.13) lib/rack/conditional_get.rb:31:in 'Rack::ConditionalGet#call'
rack (3.1.13) lib/rack/head.rb:15:in 'Rack::Head#call'
activerecord (8.0.2) lib/active_record/migration.rb:671:in 'ActiveRecord::Migration::CheckPending#call'
actionpack (8.0.2) lib/action_dispatch/middleware/callbacks.rb:31:in 'block in ActionDispatch::Callbacks#call'
activesupport (8.0.2) lib/active_support/callbacks.rb:100:in 'ActiveSupport::Callbacks#run_callbacks'
actionpack (8.0.2) lib/action_dispatch/middleware/callbacks.rb:30:in 'ActionDispatch::Callbacks#call'
actionpack (8.0.2) lib/action_dispatch/middleware/executor.rb:16:in 'ActionDispatch::Executor#call'
actionpack (8.0.2) lib/action_dispatch/middleware/actionable_exceptions.rb:18:in 'ActionDispatch::ActionableExceptions#call'
actionpack (8.0.2) lib/action_dispatch/middleware/debug_exceptions.rb:31:in 'ActionDispatch::DebugExceptions#call'
actionpack (8.0.2) lib/action_dispatch/middleware/show_exceptions.rb:32:in 'ActionDispatch::ShowExceptions#call'
railties (8.0.2) lib/rails/rack/logger.rb:41:in 'Rails::Rack::Logger#call_app'
railties (8.0.2) lib/rails/rack/logger.rb:29:in 'Rails::Rack::Logger#call'
actionpack (8.0.2) lib/action_dispatch/middleware/remote_ip.rb:96:in 'ActionDispatch::RemoteIp#call'
actionpack (8.0.2) lib/action_dispatch/middleware/request_id.rb:34:in 'ActionDispatch::RequestId#call'
rack (3.1.13) lib/rack/runtime.rb:24:in 'Rack::Runtime#call'
actionpack (8.0.2) lib/action_dispatch/middleware/server_timing.rb:61:in 'block in ActionDispatch::ServerTiming#call'
actionpack (8.0.2) lib/action_dispatch/middleware/server_timing.rb:26:in 'ActionDispatch::ServerTiming::Subscriber#collect_events'
actionpack (8.0.2) lib/action_dispatch/middleware/server_timing.rb:60:in 'ActionDispatch::ServerTiming#call'
actionpack (8.0.2) lib/action_dispatch/middleware/executor.rb:16:in 'ActionDispatch::Executor#call'
actionpack (8.0.2) lib/action_dispatch/middleware/static.rb:27:in 'ActionDispatch::Static#call'
rack (3.1.13) lib/rack/sendfile.rb:114:in 'Rack::Sendfile#call'
actionpack (8.0.2) lib/action_dispatch/middleware/host_authorization.rb:143:in 'ActionDispatch::HostAuthorization#call'
railties (8.0.2) lib/rails/engine.rb:535:in 'Rails::Engine#call'
puma (6.6.0) lib/puma/configuration.rb:279:in 'Puma::Configuration::ConfigMiddleware#call'
puma (6.6.0) lib/puma/request.rb:99:in 'block in Puma::Request#handle_request'
puma (6.6.0) lib/puma/thread_pool.rb:390:in 'Puma::ThreadPool#with_force_shutdown'
puma (6.6.0) lib/puma/request.rb:98:in 'Puma::Request#handle_request'
puma (6.6.0) lib/puma/server.rb:472:in 'Puma::Server#process_client'
puma (6.6.0) lib/puma/server.rb:254:in 'block in Puma::Server#run'
puma (6.6.0) lib/puma/thread_pool.rb:167:in 'block in Puma::ThreadPool#spawn_thread'

Information for cause: NameError (uninitialized constant Api::V1::ChallengesController):
  
activesupport (8.0.2) lib/active_support/inflector/methods.rb:290:in 'ActiveSupport::Inflector#constantize'
activesupport (8.0.2) lib/active_support/core_ext/string/inflections.rb:74:in 'String#constantize'
actionpack (8.0.2) lib/action_dispatch/http/request.rb:99:in 'ActionDispatch::Request#controller_class_for'
actionpack (8.0.2) lib/action_dispatch/http/request.rb:91:in 'ActionDispatch::Request#controller_class'
actionpack (8.0.2) lib/action_dispatch/routing/route_set.rb:61:in 'ActionDispatch::Routing::RouteSet::Dispatcher#controller'
actionpack (8.0.2) lib/action_dispatch/routing/route_set.rb:48:in 'ActionDispatch::Routing::RouteSet::Dispatcher#serve'
actionpack (8.0.2) lib/action_dispatch/journey/router.rb:53:in 'block in ActionDispatch::Journey::Router#serve'
actionpack (8.0.2) lib/action_dispatch/journey/router.rb:133:in 'block in ActionDispatch::Journey::Router#find_routes'
actionpack (8.0.2) lib/action_dispatch/journey/router.rb:126:in 'Array#each'
actionpack (8.0.2) lib/action_dispatch/journey/router.rb:126:in 'ActionDispatch::Journey::Router#find_routes'
actionpack (8.0.2) lib/action_dispatch/journey/router.rb:34:in 'ActionDispatch::Journey::Router#serve'
actionpack (8.0.2) lib/action_dispatch/routing/route_set.rb:908:in 'ActionDispatch::Routing::RouteSet#call'
railties (8.0.2) lib/rails/engine/lazy_route_set.rb:68:in 'Rails::Engine::LazyRouteSet#call'
rack (3.1.13) lib/rack/etag.rb:29:in 'Rack::ETag#call'
rack (3.1.13) lib/rack/conditional_get.rb:31:in 'Rack::ConditionalGet#call'
rack (3.1.13) lib/rack/head.rb:15:in 'Rack::Head#call'
activerecord (8.0.2) lib/active_record/migration.rb:671:in 'ActiveRecord::Migration::CheckPending#call'
actionpack (8.0.2) lib/action_dispatch/middleware/callbacks.rb:31:in 'block in ActionDispatch::Callbacks#call'
activesupport (8.0.2) lib/active_support/callbacks.rb:100:in 'ActiveSupport::Callbacks#run_callbacks'
actionpack (8.0.2) lib/action_dispatch/middleware/callbacks.rb:30:in 'ActionDispatch::Callbacks#call'
actionpack (8.0.2) lib/action_dispatch/middleware/executor.rb:16:in 'ActionDispatch::Executor#call'
actionpack (8.0.2) lib/action_dispatch/middleware/actionable_exceptions.rb:18:in 'ActionDispatch::ActionableExceptions#call'
actionpack (8.0.2) lib/action_dispatch/middleware/debug_exceptions.rb:31:in 'ActionDispatch::DebugExceptions#call'
actionpack (8.0.2) lib/action_dispatch/middleware/show_exceptions.rb:32:in 'ActionDispatch::ShowExceptions#call'
railties (8.0.2) lib/rails/rack/logger.rb:41:in 'Rails::Rack::Logger#call_app'
railties (8.0.2) lib/rails/rack/logger.rb:29:in 'Rails::Rack::Logger#call'
actionpack (8.0.2) lib/action_dispatch/middleware/remote_ip.rb:96:in 'ActionDispatch::RemoteIp#call'
actionpack (8.0.2) lib/action_dispatch/middleware/request_id.rb:34:in 'ActionDispatch::RequestId#call'
rack (3.1.13) lib/rack/runtime.rb:24:in 'Rack::Runtime#call'
actionpack (8.0.2) lib/action_dispatch/middleware/server_timing.rb:61:in 'block in ActionDispatch::ServerTiming#call'
actionpack (8.0.2) lib/action_dispatch/middleware/server_timing.rb:26:in 'ActionDispatch::ServerTiming::Subscriber#collect_events'
actionpack (8.0.2) lib/action_dispatch/middleware/server_timing.rb:60:in 'ActionDispatch::ServerTiming#call'
actionpack (8.0.2) lib/action_dispatch/middleware/executor.rb:16:in 'ActionDispatch::Executor#call'
actionpack (8.0.2) lib/action_dispatch/middleware/static.rb:27:in 'ActionDispatch::Static#call'
rack (3.1.13) lib/rack/sendfile.rb:114:in 'Rack::Sendfile#call'
actionpack (8.0.2) lib/action_dispatch/middleware/host_authorization.rb:143:in 'ActionDispatch::HostAuthorization#call'
railties (8.0.2) lib/rails/engine.rb:535:in 'Rails::Engine#call'
puma (6.6.0) lib/puma/configuration.rb:279:in 'Puma::Configuration::ConfigMiddleware#call'
puma (6.6.0) lib/puma/request.rb:99:in 'block in Puma::Request#handle_request'
puma (6.6.0) lib/puma/thread_pool.rb:390:in 'Puma::ThreadPool#with_force_shutdown'
puma (6.6.0) lib/puma/request.rb:98:in 'Puma::Request#handle_request'
puma (6.6.0) lib/puma/server.rb:472:in 'Puma::Server#process_client'
puma (6.6.0) lib/puma/server.rb:254:in 'block in Puma::Server#run'
puma (6.6.0) lib/puma/thread_pool.rb:167:in 'block in Puma::ThreadPool#spawn_thread'
Started GET "/api/v1/challenges" for 127.0.0.1 at 2025-04-20 11:57:59 +0530
Processing by Api::V1::ChallengesController#index as */*
  [1m[36mChallenge Load (24.0ms)[0m  [1m[34mSELECT "challenges".* FROM "challenges" /*action='index',application='RubyonrailsBackend',controller='challenges'*/[0m
  ↳ app/controllers/api/v1/challenges_controller.rb:6:in 'IO#puts'
Completed 200 OK in 150ms (Views: 2.5ms | ActiveRecord: 55.0ms (1 query, 0 cached) | GC: 0.0ms)


